c:\users\qaise\source\repos\lpa\lpa\x64\release\vc145.pdb
c:\users\qaise\source\repos\lpa\lpa\x64\release\rbx.obj
c:\users\qaise\source\repos\lpa\lpa\x64\release\instances.obj
c:\users\qaise\source\repos\lpa\lpa\x64\release\notifications.obj
c:\users\qaise\source\repos\lpa\lpa\x64\release\memory.obj
c:\users\qaise\source\repos\lpa\lpa\x64\release\main.obj
c:\users\qaise\source\repos\lpa\lpa\x64\release\jobs.obj
c:\users\qaise\source\repos\lpa\lpa\x64\release\functions.obj
c:\users\qaise\source\repos\lpa\lpa\x64\release\lpa.ipdb
c:\users\qaise\source\repos\lpa\lpa\x64\release\lpa.iobj
c:\users\qaise\source\repos\lpa\lpa\x64\release\imgui.obj
c:\users\qaise\source\repos\lpa\lpa\x64\release\imgui_draw.obj
c:\users\qaise\source\repos\lpa\lpa\x64\release\imgui_tables.obj
c:\users\qaise\source\repos\lpa\lpa\x64\release\imgui_widgets.obj
c:\users\qaise\source\repos\lpa\lpa\x64\release\webview.obj
c:\users\qaise\source\repos\lpa\lpa\x64\release\window.obj
c:\users\qaise\source\repos\lpa\x64\release\lpa.exe
c:\users\qaise\source\repos\lpa\lpa\x64\release\lpa.tlog\cl.command.1.tlog
c:\users\qaise\source\repos\lpa\lpa\x64\release\lpa.tlog\cl.items.tlog
c:\users\qaise\source\repos\lpa\lpa\x64\release\lpa.tlog\cl.read.1.tlog
c:\users\qaise\source\repos\lpa\lpa\x64\release\lpa.tlog\cl.write.1.tlog
c:\users\qaise\source\repos\lpa\lpa\x64\release\lpa.tlog\link.command.1.tlog
c:\users\qaise\source\repos\lpa\lpa\x64\release\lpa.tlog\link.read.1.tlog
c:\users\qaise\source\repos\lpa\lpa\x64\release\lpa.tlog\link.secondary.1.tlog
c:\users\qaise\source\repos\lpa\lpa\x64\release\lpa.tlog\link.write.1.tlog
